Unity Editor version:    2021.3.4f1 (cb45f9cae8b7)
Branch:                  2021.3/staging
Build type:              Release
Batch mode:              YES
macOS version:           Version 12.2.1 (Build 21D62)
Darwin version:          21.3.0
Architecture:            arm64
Running under Rosetta:   NO
Available memory:        8192 MB
Using pre-set license
Pro License: YES

COMMAND LINE ARGUMENTS:
/Applications/Unity/Hub/Editor/2021.3.4f1/Unity.app/Contents/MacOS/Unity
-adb2
-batchMode
-noUpm
-name
AssetImportWorker0
-projectPath
/Users/snoopy/EPITA/3D Unity/PROJET/3DU1_ClementCorentin_SoldAudric_MichaudSamuel/3DU1
-logFile
Logs/AssetImportWorker0.log
-srvPort
52553
Successfully changed project path to: /Users/snoopy/EPITA/3D Unity/PROJET/3DU1_ClementCorentin_SoldAudric_MichaudSamuel/3DU1
/Users/snoopy/EPITA/3D Unity/PROJET/3DU1_ClementCorentin_SoldAudric_MichaudSamuel/3DU1
[UnityMemory] Configuration Parameters - Can be set up in boot.config
    "memorysetup-bucket-allocator-granularity=16"
    "memorysetup-bucket-allocator-bucket-count=8"
    "memorysetup-bucket-allocator-block-size=33554432"
    "memorysetup-bucket-allocator-block-count=8"
    "memorysetup-main-allocator-block-size=16777216"
    "memorysetup-thread-allocator-block-size=16777216"
    "memorysetup-gfx-main-allocator-block-size=16777216"
    "memorysetup-gfx-thread-allocator-block-size=16777216"
    "memorysetup-cache-allocator-block-size=4194304"
    "memorysetup-typetree-allocator-block-size=2097152"
    "memorysetup-profiler-bucket-allocator-granularity=16"
    "memorysetup-profiler-bucket-allocator-bucket-count=8"
    "memorysetup-profiler-bucket-allocator-block-size=33554432"
    "memorysetup-profiler-bucket-allocator-block-count=8"
    "memorysetup-profiler-allocator-block-size=16777216"
    "memorysetup-profiler-editor-allocator-block-size=1048576"
    "memorysetup-temp-allocator-size-main=16777216"
    "memorysetup-job-temp-allocator-block-size=2097152"
    "memorysetup-job-temp-allocator-block-size-background=1048576"
    "memorysetup-job-temp-allocator-reduction-small-platforms=262144"
    "memorysetup-temp-allocator-size-background-worker=32768"
    "memorysetup-temp-allocator-size-job-worker=262144"
    "memorysetup-temp-allocator-size-preload-manager=33554432"
    "memorysetup-temp-allocator-size-nav-mesh-worker=65536"
    "memorysetup-temp-allocator-size-audio-worker=65536"
    "memorysetup-temp-allocator-size-cloud-worker=32768"
    "memorysetup-temp-allocator-size-gi-baking-worker=262144"
    "memorysetup-temp-allocator-size-gfx=262144"
Refreshing native plugins compatible for Editor in 74.29 ms, found 2 plugins.
Preloading 0 native plugins for Editor in 0.00 ms.
Initialize engine version: 2021.3.4f1 (cb45f9cae8b7)
[Subsystems] Discovering subsystems at path /Applications/Unity/Hub/Editor/2021.3.4f1/Unity.app/Contents/Resources/UnitySubsystems
[Subsystems] Discovering subsystems at path /Users/snoopy/EPITA/3D Unity/PROJET/3DU1_ClementCorentin_SoldAudric_MichaudSamuel/3DU1/Assets
GfxDevice: creating device client; threaded=0; jobified=0
 preferred device: Apple M1 (high power)
Metal devices available: 1
0: Apple M1 (high power)
Using device Apple M1 (high power)
Initializing Metal device caps: Apple M1
Initialize mono
Mono path[0] = '/Applications/Unity/Hub/Editor/2021.3.4f1/Unity.app/Contents/Managed'
Mono path[1] = '/Applications/Unity/Hub/Editor/2021.3.4f1/Unity.app/Contents/MonoBleedingEdge/lib/mono/unityjit-macos'
Mono config path = '/Applications/Unity/Hub/Editor/2021.3.4f1/Unity.app/Contents/MonoBleedingEdge/etc'
Using monoOptions --debugger-agent=transport=dt_socket,embedding=1,server=y,suspend=n,address=127.0.0.1:56793
Begin MonoManager ReloadAssembly
Registering precompiled unity dll's ...
Register platform support module: /Applications/Unity/Hub/Editor/2021.3.4f1/Unity.app/Contents/PlaybackEngines/MacStandaloneSupport/UnityEditor.OSXStandalone.Extensions.dll
Registered in 0.000878 seconds.
Native extension for OSXStandalone target not found
Refreshing native plugins compatible for Editor in 70.64 ms, found 2 plugins.
Preloading 0 native plugins for Editor in 0.00 ms.
Mono: successfully reloaded assembly
- Completed reload, in  0.425 seconds
Domain Reload Profiling:
	ReloadAssembly (425ms)
		BeginReloadAssembly (72ms)
			ExecutionOrderSort (0ms)
			DisableScriptedObjects (0ms)
			BackupInstance (0ms)
			ReleaseScriptingObjects (0ms)
			CreateAndSetChildDomain (0ms)
		EndReloadAssembly (289ms)
			LoadAssemblies (72ms)
			RebuildTransferFunctionScriptingTraits (0ms)
			SetupTypeCache (66ms)
			ReleaseScriptCaches (0ms)
			RebuildScriptCaches (20ms)
			SetupLoadedEditorAssemblies (177ms)
				LogAssemblyErrors (0ms)
				InitializePlatformSupportModulesInManaged (3ms)
				SetLoadedEditorAssemblies (0ms)
				RefreshPlugins (71ms)
				BeforeProcessingInitializeOnLoad (1ms)
				ProcessInitializeOnLoadAttributes (79ms)
				ProcessInitializeOnLoadMethodAttributes (23ms)
				AfterProcessingInitializeOnLoad (0ms)
				EditorAssembliesLoaded (0ms)
			ExecutionOrderSort2 (0ms)
			AwakeInstancesAfterBackupRestoration (0ms)
Platform modules already initialized, skipping
Registering precompiled user dll's ...
Registered in 0.004071 seconds.
Begin MonoManager ReloadAssembly
Symbol file LoadedFromMemory doesn't match image /Users/snoopy/EPITA/3D Unity/PROJET/3DU1_ClementCorentin_SoldAudric_MichaudSamuel/3DU1/Library/PackageCache/com.unity.visualscripting@1.7.8/Editor/VisualScripting.Core/Dependencies/YamlDotNet/Unity.VisualScripting.YamlDotNet.dll
Symbol file LoadedFromMemory doesn't match image /Users/snoopy/EPITA/3D Unity/PROJET/3DU1_ClementCorentin_SoldAudric_MichaudSamuel/3DU1/Library/PackageCache/com.unity.visualscripting@1.7.8/Editor/VisualScripting.Core/Dependencies/DotNetZip/Unity.VisualScripting.IonicZip.dll
Native extension for OSXStandalone target not found
Refreshing native plugins compatible for Editor in 0.31 ms, found 2 plugins.
Preloading 0 native plugins for Editor in 0.00 ms.
Mono: successfully reloaded assembly
- Completed reload, in  0.629 seconds
Domain Reload Profiling:
	ReloadAssembly (629ms)
		BeginReloadAssembly (66ms)
			ExecutionOrderSort (0ms)
			DisableScriptedObjects (4ms)
			BackupInstance (0ms)
			ReleaseScriptingObjects (0ms)
			CreateAndSetChildDomain (14ms)
		EndReloadAssembly (496ms)
			LoadAssemblies (59ms)
			RebuildTransferFunctionScriptingTraits (0ms)
			SetupTypeCache (168ms)
			ReleaseScriptCaches (1ms)
			RebuildScriptCaches (36ms)
			SetupLoadedEditorAssemblies (212ms)
				LogAssemblyErrors (0ms)
				InitializePlatformSupportModulesInManaged (2ms)
				SetLoadedEditorAssemblies (0ms)
				RefreshPlugins (0ms)
				BeforeProcessingInitializeOnLoad (57ms)
				ProcessInitializeOnLoadAttributes (137ms)
				ProcessInitializeOnLoadMethodAttributes (16ms)
				AfterProcessingInitializeOnLoad (1ms)
				EditorAssembliesLoaded (0ms)
			ExecutionOrderSort2 (0ms)
			AwakeInstancesAfterBackupRestoration (2ms)
Platform modules already initialized, skipping
========================================================================
Worker process is ready to serve import requests
Launching external process: /Applications/Unity/Hub/Editor/2021.3.4f1/Unity.app/Contents/Tools/UnityShaderCompiler
Launched and connected shader compiler UnityShaderCompiler after 0.05 seconds
Refreshing native plugins compatible for Editor in 0.38 ms, found 2 plugins.
Preloading 0 native plugins for Editor in 0.00 ms.
Unloading 3421 Unused Serialized files (Serialized files now loaded: 0)
Unloading 27 unused Assets / (94.5 KB). Loaded Objects now: 3892.
Memory consumption went from 246.3 MB to 246.2 MB.
Total: 2.343584 ms (FindLiveObjects: 0.128291 ms CreateObjectMapping: 0.042167 ms MarkObjects: 2.098666 ms  DeleteObjects: 0.073667 ms)

AssetImportParameters requested are different than current active one (requested -> active):
  custom:video-decoder-ogg-theora: a1e56fd34408186e4bbccfd4996cb3dc -> 
  custom:container-muxer-webm: aa71ff27fc2769a1b78a27578f13a17b -> 
  custom:container-demuxer-webm: 4f35f7cbe854078d1ac9338744f61a02 -> 
  custom:video-encoder-webm-vp8: eb34c28f22e8b96e1ab97ce403110664 -> 
  custom:framework-osx-AVFoundation: e770b220cccbd017edd2c1fefb359320 -> 
  custom:audio-encoder-webm-vorbis: bf7c407c2cedff20999df2af8eb42d56 -> 
  custom:container-demuxer-ogg: 62fdf1f143b41e24485cea50d1cbac27 -> 
  custom:video-decoder-webm-vp8: 9c59270c3fd7afecdb556c50c9e8de78 -> 
  custom:audio-decoder-ogg-vorbis: bf7c407c2cedff20999df2af8eb42d56 -> 
========================================================================
Received Import Request.
  Time since last request: 202759.801779 seconds.
  path: Assets/Scenes/Game.unity
  artifactKey: Guid(cb2979cf3e417194fb324124ba717fcf) Importer(815301076,1909f56bfc062723c751e8b465ee728b)
Start importing Assets/Scenes/Game.unity using Guid(cb2979cf3e417194fb324124ba717fcf) Importer(815301076,1909f56bfc062723c751e8b465ee728b)  -> (artifact id: '5dd6fad668c0eddcd9aca576b9b87357') in 0.004503 seconds 
========================================================================
Received Prepare
Registering precompiled user dll's ...
Registered in 0.001262 seconds.
Begin MonoManager ReloadAssembly
Thread 0x287e87000 may have been prematurely finalized
Symbol file LoadedFromMemory doesn't match image /Users/snoopy/EPITA/3D Unity/PROJET/3DU1_ClementCorentin_SoldAudric_MichaudSamuel/3DU1/Library/PackageCache/com.unity.visualscripting@1.7.8/Editor/VisualScripting.Core/Dependencies/YamlDotNet/Unity.VisualScripting.YamlDotNet.dll
Symbol file LoadedFromMemory doesn't match image /Users/snoopy/EPITA/3D Unity/PROJET/3DU1_ClementCorentin_SoldAudric_MichaudSamuel/3DU1/Library/PackageCache/com.unity.visualscripting@1.7.8/Editor/VisualScripting.Core/Dependencies/DotNetZip/Unity.VisualScripting.IonicZip.dll
Native extension for OSXStandalone target not found
Refreshing native plugins compatible for Editor in 0.43 ms, found 2 plugins.
Preloading 0 native plugins for Editor in 0.00 ms.
Mono: successfully reloaded assembly
- Completed reload, in  0.614 seconds
Domain Reload Profiling:
	ReloadAssembly (615ms)
		BeginReloadAssembly (107ms)
			ExecutionOrderSort (0ms)
			DisableScriptedObjects (7ms)
			BackupInstance (0ms)
			ReleaseScriptingObjects (0ms)
			CreateAndSetChildDomain (39ms)
		EndReloadAssembly (452ms)
			LoadAssemblies (46ms)
			RebuildTransferFunctionScriptingTraits (0ms)
			SetupTypeCache (172ms)
			ReleaseScriptCaches (1ms)
			RebuildScriptCaches (26ms)
			SetupLoadedEditorAssemblies (177ms)
				LogAssemblyErrors (0ms)
				InitializePlatformSupportModulesInManaged (5ms)
				SetLoadedEditorAssemblies (0ms)
				RefreshPlugins (0ms)
				BeforeProcessingInitializeOnLoad (38ms)
				ProcessInitializeOnLoadAttributes (119ms)
				ProcessInitializeOnLoadMethodAttributes (14ms)
				AfterProcessingInitializeOnLoad (1ms)
				EditorAssembliesLoaded (0ms)
			ExecutionOrderSort2 (0ms)
			AwakeInstancesAfterBackupRestoration (2ms)
Platform modules already initialized, skipping
Refreshing native plugins compatible for Editor in 0.81 ms, found 2 plugins.
Preloading 0 native plugins for Editor in 0.00 ms.
Unloading 3403 Unused Serialized files (Serialized files now loaded: 0)
Unloading 20 unused Assets / (71.5 KB). Loaded Objects now: 3895.
Memory consumption went from 244.8 MB to 244.7 MB.
Total: 2.928750 ms (FindLiveObjects: 0.218375 ms CreateObjectMapping: 0.057417 ms MarkObjects: 2.583208 ms  DeleteObjects: 0.068625 ms)

AssetImportParameters requested are different than current active one (requested -> active):
  custom:video-decoder-ogg-theora: a1e56fd34408186e4bbccfd4996cb3dc -> 
  custom:container-muxer-webm: aa71ff27fc2769a1b78a27578f13a17b -> 
  custom:container-demuxer-webm: 4f35f7cbe854078d1ac9338744f61a02 -> 
  custom:video-encoder-webm-vp8: eb34c28f22e8b96e1ab97ce403110664 -> 
  custom:framework-osx-AVFoundation: e770b220cccbd017edd2c1fefb359320 -> 
  custom:audio-encoder-webm-vorbis: bf7c407c2cedff20999df2af8eb42d56 -> 
  custom:container-demuxer-ogg: 62fdf1f143b41e24485cea50d1cbac27 -> 
  custom:video-decoder-webm-vp8: 9c59270c3fd7afecdb556c50c9e8de78 -> 
  custom:audio-decoder-ogg-vorbis: bf7c407c2cedff20999df2af8eb42d56 -> 
========================================================================
Received Import Request.
  Time since last request: 198.953833 seconds.
  path: Assets/assetWoodland/Woodland/FBX
  artifactKey: Guid(86b6598cb69717f4192dbafa8ffbfd70) Importer(815301076,1909f56bfc062723c751e8b465ee728b)
Start importing Assets/assetWoodland/Woodland/FBX using Guid(86b6598cb69717f4192dbafa8ffbfd70) Importer(815301076,1909f56bfc062723c751e8b465ee728b)  -> (artifact id: '8ed7e0ce65017c403839f1f0e4a5fb09') in 0.031805 seconds 
========================================================================
Received Import Request.
  Time since last request: 0.078395 seconds.
  path: Assets/assetWoodland/Woodland/FBX/Bioma1_Floating_Isle.fbx
  artifactKey: Guid(724dddd6626e6d94b9d240ef12c6f9b1) Importer(815301076,1909f56bfc062723c751e8b465ee728b)
Start importing Assets/assetWoodland/Woodland/FBX/Bioma1_Floating_Isle.fbx using Guid(724dddd6626e6d94b9d240ef12c6f9b1) Importer(815301076,1909f56bfc062723c751e8b465ee728b)  -> (artifact id: '1f3e5443c52a71ce80a30ca55e64bf16') in 1.346285 seconds 
========================================================================
Received Import Request.
  Time since last request: 0.000130 seconds.
  path: Assets/assetWoodland/Woodland/FBX/Prop2_Rocks_Small_0_1.fbx
  artifactKey: Guid(e877cb330d88ff248b2e578f5c392f08) Importer(815301076,1909f56bfc062723c751e8b465ee728b)
Start importing Assets/assetWoodland/Woodland/FBX/Prop2_Rocks_Small_0_1.fbx using Guid(e877cb330d88ff248b2e578f5c392f08) Importer(815301076,1909f56bfc062723c751e8b465ee728b)  -> (artifact id: 'e73ea1f68938e5f6ad5c676a2f782f96') in 0.011531 seconds 
========================================================================
Received Import Request.
  Time since last request: 0.000060 seconds.
  path: Assets/assetWoodland/Woodland/FBX/Porton_Rocks_Medium_0_1.fbx
  artifactKey: Guid(2fac9ae253879294b99cca24cd683aaa) Importer(815301076,1909f56bfc062723c751e8b465ee728b)
Start importing Assets/assetWoodland/Woodland/FBX/Porton_Rocks_Medium_0_1.fbx using Guid(2fac9ae253879294b99cca24cd683aaa) Importer(815301076,1909f56bfc062723c751e8b465ee728b)  -> (artifact id: 'c39fa88477707208b3569a4caf130543') in 0.025307 seconds 
========================================================================
Received Import Request.
  Time since last request: 0.000049 seconds.
  path: Assets/assetWoodland/Woodland/FBX/Tree_01_Medium.fbx
  artifactKey: Guid(2abd242f0f66382418181548a28768d3) Importer(815301076,1909f56bfc062723c751e8b465ee728b)
Start importing Assets/assetWoodland/Woodland/FBX/Tree_01_Medium.fbx using Guid(2abd242f0f66382418181548a28768d3) Importer(815301076,1909f56bfc062723c751e8b465ee728b)  -> (artifact id: 'cc11e4814925b8d22e43eb7df8550275') in 0.017294 seconds 
========================================================================
Received Import Request.
  Time since last request: 0.000037 seconds.
  path: Assets/assetWoodland/Woodland/FBX/Crate_Small_0_1.fbx
  artifactKey: Guid(98fd234180d8afb45a0100ebcd76a4d4) Importer(815301076,1909f56bfc062723c751e8b465ee728b)
Start importing Assets/assetWoodland/Woodland/FBX/Crate_Small_0_1.fbx using Guid(98fd234180d8afb45a0100ebcd76a4d4) Importer(815301076,1909f56bfc062723c751e8b465ee728b)  -> (artifact id: '5998dc7bb4436172df2d45866fc0707e') in 0.008329 seconds 
========================================================================
Received Import Request.
  Time since last request: 0.000040 seconds.
  path: Assets/assetWoodland/Woodland/FBX/Root1_Tree_Small_0_1.fbx
  artifactKey: Guid(ce16d0ebed1d7584a8bc3bf8360f54de) Importer(815301076,1909f56bfc062723c751e8b465ee728b)
Start importing Assets/assetWoodland/Woodland/FBX/Root1_Tree_Small_0_1.fbx using Guid(ce16d0ebed1d7584a8bc3bf8360f54de) Importer(815301076,1909f56bfc062723c751e8b465ee728b)  -> (artifact id: '64536f0926e75c8ed4a4f9b6e8254543') in 0.009362 seconds 
========================================================================
Received Import Request.
  Time since last request: 0.000066 seconds.
  path: Assets/assetWoodland/Woodland/FBX/Grass_Tall_Small_0_1.fbx
  artifactKey: Guid(c55e75329ac7f3c47994647009c92ff4) Importer(815301076,1909f56bfc062723c751e8b465ee728b)
Start importing Assets/assetWoodland/Woodland/FBX/Grass_Tall_Small_0_1.fbx using Guid(c55e75329ac7f3c47994647009c92ff4) Importer(815301076,1909f56bfc062723c751e8b465ee728b)  -> (artifact id: '346a16933d0598f688b2a0c3a6490ff9') in 0.010134 seconds 
========================================================================
Received Import Request.
  Time since last request: 0.000068 seconds.
  path: Assets/assetWoodland/Woodland/FBX/Floating_Rocks_Bioma1.fbx
  artifactKey: Guid(e886c81807a33034ea70b36b7bc50faa) Importer(815301076,1909f56bfc062723c751e8b465ee728b)
Start importing Assets/assetWoodland/Woodland/FBX/Floating_Rocks_Bioma1.fbx using Guid(e886c81807a33034ea70b36b7bc50faa) Importer(815301076,1909f56bfc062723c751e8b465ee728b)  -> (artifact id: '9f6db6ee707fb3b11cbf84869533f6a1') in 0.081514 seconds 
========================================================================
Received Import Request.
  Time since last request: 0.000033 seconds.
  path: Assets/assetWoodland/Woodland/FBX/Props3_Rocks_Small_0_1.fbx
  artifactKey: Guid(9bc9aab4364216948beb8bfd9b79bb47) Importer(815301076,1909f56bfc062723c751e8b465ee728b)
Start importing Assets/assetWoodland/Woodland/FBX/Props3_Rocks_Small_0_1.fbx using Guid(9bc9aab4364216948beb8bfd9b79bb47) Importer(815301076,1909f56bfc062723c751e8b465ee728b)  -> (artifact id: '812946f3eb83c691d4976c9b76754064') in 0.017052 seconds 
Editor requested this worker to shutdown with reason: Scaling down because of idle timeout
AssetImportWorker is now disconnected from the server
Process exiting
