Using pre-set license
Built from '2021.3/staging' branch; Version is '2021.3.4f1 (cb45f9cae8b7) revision 13321721'; Using compiler version '192829333'; Build Type 'Release'
OS: 'Windows 10  (10.0.19044) 64bit Professional' Language: 'fr' Physical Memory: 16322 MB
BatchMode: 1, IsHumanControllingUs: 0, StartBugReporterOnCrash: 0, Is64bit: 1, IsPro: 1

COMMAND LINE ARGUMENTS:
E:\Unity Hub\2021.3.4f1\Editor\Unity.exe
-adb2
-batchMode
-noUpm
-name
AssetImportWorker3
-projectPath
E:/Unity Projet/3DU1
-logFile
Logs/AssetImportWorker3.log
-srvPort
54282
Successfully changed project path to: E:/Unity Projet/3DU1
E:/Unity Projet/3DU1
[UnityMemory] Configuration Parameters - Can be set up in boot.config
    "memorysetup-bucket-allocator-granularity=16"
    "memorysetup-bucket-allocator-bucket-count=8"
    "memorysetup-bucket-allocator-block-size=33554432"
    "memorysetup-bucket-allocator-block-count=8"
    "memorysetup-main-allocator-block-size=16777216"
    "memorysetup-thread-allocator-block-size=16777216"
    "memorysetup-gfx-main-allocator-block-size=16777216"
    "memorysetup-gfx-thread-allocator-block-size=16777216"
    "memorysetup-cache-allocator-block-size=4194304"
    "memorysetup-typetree-allocator-block-size=2097152"
    "memorysetup-profiler-bucket-allocator-granularity=16"
    "memorysetup-profiler-bucket-allocator-bucket-count=8"
    "memorysetup-profiler-bucket-allocator-block-size=33554432"
    "memorysetup-profiler-bucket-allocator-block-count=8"
    "memorysetup-profiler-allocator-block-size=16777216"
    "memorysetup-profiler-editor-allocator-block-size=1048576"
    "memorysetup-temp-allocator-size-main=16777216"
    "memorysetup-job-temp-allocator-block-size=2097152"
    "memorysetup-job-temp-allocator-block-size-background=1048576"
    "memorysetup-job-temp-allocator-reduction-small-platforms=262144"
    "memorysetup-temp-allocator-size-background-worker=32768"
    "memorysetup-temp-allocator-size-job-worker=262144"
    "memorysetup-temp-allocator-size-preload-manager=33554432"
    "memorysetup-temp-allocator-size-nav-mesh-worker=65536"
    "memorysetup-temp-allocator-size-audio-worker=65536"
    "memorysetup-temp-allocator-size-cloud-worker=32768"
    "memorysetup-temp-allocator-size-gi-baking-worker=262144"
    "memorysetup-temp-allocator-size-gfx=262144"
Refreshing native plugins compatible for Editor in 96.42 ms, found 3 plugins.
Preloading 0 native plugins for Editor in 0.00 ms.
Initialize engine version: 2021.3.4f1 (cb45f9cae8b7)
[Subsystems] Discovering subsystems at path E:/Unity Hub/2021.3.4f1/Editor/Data/Resources/UnitySubsystems
[Subsystems] Discovering subsystems at path E:/Unity Projet/3DU1/Assets
GfxDevice: creating device client; threaded=0; jobified=0
Direct3D:
    Version:  Direct3D 11.0 [level 11.1]
    Renderer: NVIDIA GeForce RTX 3070 (ID=0x2484)
    Vendor:   NVIDIA
    VRAM:     8043 MB
    Driver:   27.21.14.6089
Initialize mono
Mono path[0] = 'E:/Unity Hub/2021.3.4f1/Editor/Data/Managed'
Mono path[1] = 'E:/Unity Hub/2021.3.4f1/Editor/Data/MonoBleedingEdge/lib/mono/unityjit-win32'
Mono config path = 'E:/Unity Hub/2021.3.4f1/Editor/Data/MonoBleedingEdge/etc'
Using monoOptions --debugger-agent=transport=dt_socket,embedding=1,server=y,suspend=n,address=127.0.0.1:56376
Begin MonoManager ReloadAssembly
Registering precompiled unity dll's ...
Register platform support module: E:/Unity Hub/2021.3.4f1/Editor/Data/PlaybackEngines/WindowsStandaloneSupport/UnityEditor.WindowsStandalone.Extensions.dll
Registered in 0.002276 seconds.
Native extension for WindowsStandalone target not found
Refreshing native plugins compatible for Editor in 89.28 ms, found 3 plugins.
Preloading 0 native plugins for Editor in 0.00 ms.
Mono: successfully reloaded assembly
- Completed reload, in  0.605 seconds
Domain Reload Profiling:
	ReloadAssembly (605ms)
		BeginReloadAssembly (67ms)
			ExecutionOrderSort (0ms)
			DisableScriptedObjects (0ms)
			BackupInstance (0ms)
			ReleaseScriptingObjects (0ms)
			CreateAndSetChildDomain (1ms)
		EndReloadAssembly (442ms)
			LoadAssemblies (66ms)
			RebuildTransferFunctionScriptingTraits (0ms)
			SetupTypeCache (99ms)
			ReleaseScriptCaches (0ms)
			RebuildScriptCaches (26ms)
			SetupLoadedEditorAssemblies (273ms)
				LogAssemblyErrors (0ms)
				InitializePlatformSupportModulesInManaged (6ms)
				SetLoadedEditorAssemblies (0ms)
				RefreshPlugins (89ms)
				BeforeProcessingInitializeOnLoad (1ms)
				ProcessInitializeOnLoadAttributes (132ms)
				ProcessInitializeOnLoadMethodAttributes (43ms)
				AfterProcessingInitializeOnLoad (0ms)
				EditorAssembliesLoaded (0ms)
			ExecutionOrderSort2 (0ms)
			AwakeInstancesAfterBackupRestoration (0ms)
Platform modules already initialized, skipping
Registering precompiled user dll's ...
Registered in 0.004068 seconds.
Begin MonoManager ReloadAssembly
Symbol file LoadedFromMemory doesn't match image E:\Unity Projet\3DU1\Library\PackageCache\com.unity.visualscripting@1.7.8\Editor\VisualScripting.Core\Dependencies\YamlDotNet\Unity.VisualScripting.YamlDotNet.dll
Symbol file LoadedFromMemory doesn't match image E:\Unity Projet\3DU1\Library\PackageCache\com.unity.visualscripting@1.7.8\Editor\VisualScripting.Core\Dependencies\DotNetZip\Unity.VisualScripting.IonicZip.dll
Native extension for WindowsStandalone target not found
Refreshing native plugins compatible for Editor in 0.96 ms, found 3 plugins.
Preloading 0 native plugins for Editor in 0.00 ms.
Mono: successfully reloaded assembly
- Completed reload, in  1.035 seconds
Domain Reload Profiling:
	ReloadAssembly (1036ms)
		BeginReloadAssembly (110ms)
			ExecutionOrderSort (0ms)
			DisableScriptedObjects (5ms)
			BackupInstance (0ms)
			ReleaseScriptingObjects (0ms)
			CreateAndSetChildDomain (18ms)
		EndReloadAssembly (820ms)
			LoadAssemblies (83ms)
			RebuildTransferFunctionScriptingTraits (0ms)
			SetupTypeCache (282ms)
			ReleaseScriptCaches (1ms)
			RebuildScriptCaches (49ms)
			SetupLoadedEditorAssemblies (379ms)
				LogAssemblyErrors (0ms)
				InitializePlatformSupportModulesInManaged (4ms)
				SetLoadedEditorAssemblies (1ms)
				RefreshPlugins (1ms)
				BeforeProcessingInitializeOnLoad (88ms)
				ProcessInitializeOnLoadAttributes (255ms)
				ProcessInitializeOnLoadMethodAttributes (27ms)
				AfterProcessingInitializeOnLoad (3ms)
				EditorAssembliesLoaded (0ms)
			ExecutionOrderSort2 (0ms)
			AwakeInstancesAfterBackupRestoration (6ms)
Platform modules already initialized, skipping
========================================================================
Worker process is ready to serve import requests
Launched and connected shader compiler UnityShaderCompiler.exe after 0.04 seconds
Refreshing native plugins compatible for Editor in 0.54 ms, found 3 plugins.
Preloading 0 native plugins for Editor in 0.00 ms.
Unloading 3418 Unused Serialized files (Serialized files now loaded: 0)
Unloading 27 unused Assets / (111.1 KB). Loaded Objects now: 3878.
Memory consumption went from 119.4 MB to 119.3 MB.
Total: 2.773400 ms (FindLiveObjects: 0.272400 ms CreateObjectMapping: 0.200000 ms MarkObjects: 2.208100 ms  DeleteObjects: 0.091900 ms)

AssetImportParameters requested are different than current active one (requested -> active):
  custom:video-decoder-ogg-theora: a1e56fd34408186e4bbccfd4996cb3dc -> 
  custom:container-muxer-webm: aa71ff27fc2769a1b78a27578f13a17b -> 
  custom:container-demuxer-webm: 4f35f7cbe854078d1ac9338744f61a02 -> 
  custom:video-encoder-webm-vp8: eb34c28f22e8b96e1ab97ce403110664 -> 
  custom:audio-encoder-webm-vorbis: bf7c407c2cedff20999df2af8eb42d56 -> 
  custom:framework-win-MediaFoundation: 216162199b28c13a410421893ffa2e32 -> 
  custom:container-demuxer-ogg: 62fdf1f143b41e24485cea50d1cbac27 -> 
  custom:video-decoder-webm-vp8: 9c59270c3fd7afecdb556c50c9e8de78 -> 
  custom:audio-decoder-ogg-vorbis: bf7c407c2cedff20999df2af8eb42d56 -> 
========================================================================
Received Import Request.
  Time since last request: 91491.716897 seconds.
  path: Assets/sprite muzzle flashes/Green/ef_5/ef_5_00001.png
  artifactKey: Guid(3c0c6bbd4cb51af48a89eea8c0c7edaa) Importer(815301076,1909f56bfc062723c751e8b465ee728b)
Start importing Assets/sprite muzzle flashes/Green/ef_5/ef_5_00001.png using Guid(3c0c6bbd4cb51af48a89eea8c0c7edaa) Importer(815301076,1909f56bfc062723c751e8b465ee728b)  -> (artifact id: '637be3fac55cf94746af2faf7b313494') in 0.151759 seconds 
========================================================================
Received Import Request.
  Time since last request: 0.000016 seconds.
  path: Assets/sprite muzzle flashes/Blue/ef_5/ef_5_00002.png
  artifactKey: Guid(1e0b5cb6d937fd44791ec3d3b4e87d64) Importer(815301076,1909f56bfc062723c751e8b465ee728b)
Start importing Assets/sprite muzzle flashes/Blue/ef_5/ef_5_00002.png using Guid(1e0b5cb6d937fd44791ec3d3b4e87d64) Importer(815301076,1909f56bfc062723c751e8b465ee728b)  -> (artifact id: '1e7c0fb1cf46d436d1a25d9622c34995') in 0.041240 seconds 
========================================================================
Received Import Request.
  Time since last request: 0.242643 seconds.
  path: Assets/sprite muzzle flashes/Purple/ef_6/ef_6_00001.png
  artifactKey: Guid(313885ad83ce65248b5dbedaf1360322) Importer(815301076,1909f56bfc062723c751e8b465ee728b)
Start importing Assets/sprite muzzle flashes/Purple/ef_6/ef_6_00001.png using Guid(313885ad83ce65248b5dbedaf1360322) Importer(815301076,1909f56bfc062723c751e8b465ee728b)  -> (artifact id: '59879508281ce6c2cbab7a8a94c5810b') in 0.066970 seconds 
========================================================================
Received Import Request.
  Time since last request: 0.000022 seconds.
  path: Assets/sprite muzzle flashes/Blue/ef_6/ef_6_00002.png
  artifactKey: Guid(4882c46abd0355c46ac1fe27dd0d00b8) Importer(815301076,1909f56bfc062723c751e8b465ee728b)
Start importing Assets/sprite muzzle flashes/Blue/ef_6/ef_6_00002.png using Guid(4882c46abd0355c46ac1fe27dd0d00b8) Importer(815301076,1909f56bfc062723c751e8b465ee728b)  -> (artifact id: 'fcd91ce1e9b565cfa2e895bc86dab8fe') in 0.049054 seconds 
========================================================================
Received Import Request.
  Time since last request: 0.000017 seconds.
  path: Assets/sprite muzzle flashes/Red/ef_6/ef_6_00003.png
  artifactKey: Guid(f0aba3a737d9d604b817072e783c8ee1) Importer(815301076,1909f56bfc062723c751e8b465ee728b)
Start importing Assets/sprite muzzle flashes/Red/ef_6/ef_6_00003.png using Guid(f0aba3a737d9d604b817072e783c8ee1) Importer(815301076,1909f56bfc062723c751e8b465ee728b)  -> (artifact id: '7f8b2325522910e7acdde62c519c7189') in 0.041197 seconds 
========================================================================
Received Import Request.
  Time since last request: 0.000017 seconds.
  path: Assets/sprite muzzle flashes/Blue/ef_7/ef_7_00000.png
  artifactKey: Guid(55a1c40a995bad14aa56af79d42d6a57) Importer(815301076,1909f56bfc062723c751e8b465ee728b)
Start importing Assets/sprite muzzle flashes/Blue/ef_7/ef_7_00000.png using Guid(55a1c40a995bad14aa56af79d42d6a57) Importer(815301076,1909f56bfc062723c751e8b465ee728b)  -> (artifact id: 'df207fea75ce1ce325e0da121beda35a') in 0.063218 seconds 
========================================================================
Received Import Request.
  Time since last request: 2.670078 seconds.
  path: Assets/sprite muzzle flashes/Green/ef_7/ef_7_00000.png
  artifactKey: Guid(3cc30d88d2a5ac0439a605dd683b2f4b) Importer(815301076,1909f56bfc062723c751e8b465ee728b)
Start importing Assets/sprite muzzle flashes/Green/ef_7/ef_7_00000.png using Guid(3cc30d88d2a5ac0439a605dd683b2f4b) Importer(815301076,1909f56bfc062723c751e8b465ee728b)  -> (artifact id: '06eb06cd00db4da98ed84b8e5ae4cf93') in 0.061631 seconds 
========================================================================
Received Import Request.
  Time since last request: 0.000021 seconds.
  path: Assets/sprite muzzle flashes/Purple/ef_7/ef_7_00001.png
  artifactKey: Guid(f7002e171f3c87a43b67b1bbb1ed57b0) Importer(815301076,1909f56bfc062723c751e8b465ee728b)
Start importing Assets/sprite muzzle flashes/Purple/ef_7/ef_7_00001.png using Guid(f7002e171f3c87a43b67b1bbb1ed57b0) Importer(815301076,1909f56bfc062723c751e8b465ee728b)  -> (artifact id: '30a6ea7a8790b401e636013f785f92be') in 0.073533 seconds 
========================================================================
Received Import Request.
  Time since last request: 0.181948 seconds.
  path: Assets/sprite muzzle flashes/Red/ef_7/ef_7_00002.png
  artifactKey: Guid(9b18b2db2793c8d439cc36f49a647bfa) Importer(815301076,1909f56bfc062723c751e8b465ee728b)
Start importing Assets/sprite muzzle flashes/Red/ef_7/ef_7_00002.png using Guid(9b18b2db2793c8d439cc36f49a647bfa) Importer(815301076,1909f56bfc062723c751e8b465ee728b)  -> (artifact id: 'aa2c13cfe89e65e2cf8124dce25acd0e') in 0.043303 seconds 
========================================================================
Received Import Request.
  Time since last request: 0.000025 seconds.
  path: Assets/sprite muzzle flashes/Red/ef_7/ef_7_00003.png
  artifactKey: Guid(59e2c7618d9cf6d44a8c6b97bfe72a0c) Importer(815301076,1909f56bfc062723c751e8b465ee728b)
Start importing Assets/sprite muzzle flashes/Red/ef_7/ef_7_00003.png using Guid(59e2c7618d9cf6d44a8c6b97bfe72a0c) Importer(815301076,1909f56bfc062723c751e8b465ee728b)  -> (artifact id: '1ae93b11f53e31d599a75b3fc820a8bb') in 0.049297 seconds 
========================================================================
Received Import Request.
  Time since last request: 0.000027 seconds.
  path: Assets/sprite muzzle flashes/Green/ef_7/ef_7_00003.png
  artifactKey: Guid(899a81ff15136064eb4a9c4892eab70b) Importer(815301076,1909f56bfc062723c751e8b465ee728b)
Start importing Assets/sprite muzzle flashes/Green/ef_7/ef_7_00003.png using Guid(899a81ff15136064eb4a9c4892eab70b) Importer(815301076,1909f56bfc062723c751e8b465ee728b)  -> (artifact id: 'f19b3b7378c91a8384b0544af280df5a') in 0.058604 seconds 
========================================================================
Received Import Request.
  Time since last request: 4.614780 seconds.
  path: Assets/sprite muzzle flashes/Green/ef_8/ef_8_00001.png
  artifactKey: Guid(7da7e6dc4413c884b8c34db1f15cfdc3) Importer(815301076,1909f56bfc062723c751e8b465ee728b)
Start importing Assets/sprite muzzle flashes/Green/ef_8/ef_8_00001.png using Guid(7da7e6dc4413c884b8c34db1f15cfdc3) Importer(815301076,1909f56bfc062723c751e8b465ee728b)  -> (artifact id: 'df78ae58fcb759b8e8473401ac21e660') in 0.083714 seconds 
========================================================================
Received Import Request.
  Time since last request: 0.024700 seconds.
  path: Assets/sprite muzzle flashes/Blue/ef_8/ef_8_00002.png
  artifactKey: Guid(0dc574bfd4bf5e04caf04575932ba895) Importer(815301076,1909f56bfc062723c751e8b465ee728b)
Start importing Assets/sprite muzzle flashes/Blue/ef_8/ef_8_00002.png using Guid(0dc574bfd4bf5e04caf04575932ba895) Importer(815301076,1909f56bfc062723c751e8b465ee728b)  -> (artifact id: 'dc403c85f5787573f3553f05940092b9') in 0.049199 seconds 
========================================================================
Received Import Request.
  Time since last request: 0.893508 seconds.
  path: Assets/sprite muzzle flashes/Green/ef_8/ef_8_00003.png
  artifactKey: Guid(36d5f9fc69d1d5c43afba4eb2b63fa43) Importer(815301076,1909f56bfc062723c751e8b465ee728b)
Start importing Assets/sprite muzzle flashes/Green/ef_8/ef_8_00003.png using Guid(36d5f9fc69d1d5c43afba4eb2b63fa43) Importer(815301076,1909f56bfc062723c751e8b465ee728b)  -> (artifact id: '1191e71991d183aedc8039f7aa1a68f8') in 0.041400 seconds 
========================================================================
Received Import Request.
  Time since last request: 0.367773 seconds.
  path: Assets/sprite muzzle flashes/Purple/ef_9/ef_9_00000.png
  artifactKey: Guid(452a46ad8509b5b4d99dc70211ea5bc4) Importer(815301076,1909f56bfc062723c751e8b465ee728b)
Start importing Assets/sprite muzzle flashes/Purple/ef_9/ef_9_00000.png using Guid(452a46ad8509b5b4d99dc70211ea5bc4) Importer(815301076,1909f56bfc062723c751e8b465ee728b)  -> (artifact id: 'f8cf3ae27ce244fb373eed757ba9356f') in 0.044653 seconds 
========================================================================
Received Import Request.
  Time since last request: 0.061890 seconds.
  path: Assets/sprite muzzle flashes/Purple/ef_9/ef_9_00001.png
  artifactKey: Guid(62a6dda2bea46c647bd6489bc3a05bce) Importer(815301076,1909f56bfc062723c751e8b465ee728b)
Start importing Assets/sprite muzzle flashes/Purple/ef_9/ef_9_00001.png using Guid(62a6dda2bea46c647bd6489bc3a05bce) Importer(815301076,1909f56bfc062723c751e8b465ee728b)  -> (artifact id: 'e375f091eef13f4e9461ddc529660ea4') in 0.049767 seconds 
========================================================================
Received Import Request.
  Time since last request: 3.422341 seconds.
  path: Assets/sprite muzzle flashes/Purple/ef_10/ef_10_00000.png
  artifactKey: Guid(c5ab5a7763ec5444c8a57bad6561813a) Importer(815301076,1909f56bfc062723c751e8b465ee728b)
Start importing Assets/sprite muzzle flashes/Purple/ef_10/ef_10_00000.png using Guid(c5ab5a7763ec5444c8a57bad6561813a) Importer(815301076,1909f56bfc062723c751e8b465ee728b)  -> (artifact id: '08f33c9a79db8db70f574d07cb8d4805') in 0.079692 seconds 
========================================================================
Received Import Request.
  Time since last request: 1.294930 seconds.
  path: Assets/sprite muzzle flashes/Purple/ef_10/ef_10_00003.png
  artifactKey: Guid(3176b97de17507f4f8b98c14ce8e14aa) Importer(815301076,1909f56bfc062723c751e8b465ee728b)
Start importing Assets/sprite muzzle flashes/Purple/ef_10/ef_10_00003.png using Guid(3176b97de17507f4f8b98c14ce8e14aa) Importer(815301076,1909f56bfc062723c751e8b465ee728b)  -> (artifact id: 'bc96acd7cc88762f1e7bfb3aed3a5c79') in 0.063182 seconds 
========================================================================
Received Import Request.
  Time since last request: 0.537692 seconds.
  path: Assets/sprite muzzle flashes/Green/ef_10/ef_10_00003.png
  artifactKey: Guid(9b1055d4e8fd1f44ea44f513e4cd8929) Importer(815301076,1909f56bfc062723c751e8b465ee728b)
Start importing Assets/sprite muzzle flashes/Green/ef_10/ef_10_00003.png using Guid(9b1055d4e8fd1f44ea44f513e4cd8929) Importer(815301076,1909f56bfc062723c751e8b465ee728b)  -> (artifact id: '5c3ac275e79d7f7c0e4f374c93ed2189') in 0.046281 seconds 
========================================================================
Received Prepare
Registering precompiled user dll's ...
Registered in 0.003767 seconds.
Begin MonoManager ReloadAssembly
Symbol file LoadedFromMemory doesn't match image E:\Unity Projet\3DU1\Library\PackageCache\com.unity.visualscripting@1.7.8\Editor\VisualScripting.Core\Dependencies\YamlDotNet\Unity.VisualScripting.YamlDotNet.dll
Symbol file LoadedFromMemory doesn't match image E:\Unity Projet\3DU1\Library\PackageCache\com.unity.visualscripting@1.7.8\Editor\VisualScripting.Core\Dependencies\DotNetZip\Unity.VisualScripting.IonicZip.dll
Native extension for WindowsStandalone target not found
Refreshing native plugins compatible for Editor in 0.55 ms, found 3 plugins.
Preloading 0 native plugins for Editor in 0.00 ms.
Mono: successfully reloaded assembly
- Completed reload, in  0.985 seconds
Domain Reload Profiling:
	ReloadAssembly (985ms)
		BeginReloadAssembly (121ms)
			ExecutionOrderSort (0ms)
			DisableScriptedObjects (5ms)
			BackupInstance (0ms)
			ReleaseScriptingObjects (0ms)
			CreateAndSetChildDomain (33ms)
		EndReloadAssembly (759ms)
			LoadAssemblies (79ms)
			RebuildTransferFunctionScriptingTraits (0ms)
			SetupTypeCache (275ms)
			ReleaseScriptCaches (1ms)
			RebuildScriptCaches (43ms)
			SetupLoadedEditorAssemblies (322ms)
				LogAssemblyErrors (0ms)
				InitializePlatformSupportModulesInManaged (13ms)
				SetLoadedEditorAssemblies (0ms)
				RefreshPlugins (1ms)
				BeforeProcessingInitializeOnLoad (70ms)
				ProcessInitializeOnLoadAttributes (207ms)
				ProcessInitializeOnLoadMethodAttributes (29ms)
				AfterProcessingInitializeOnLoad (3ms)
				EditorAssembliesLoaded (0ms)
			ExecutionOrderSort2 (0ms)
			AwakeInstancesAfterBackupRestoration (6ms)
Platform modules already initialized, skipping
Refreshing native plugins compatible for Editor in 2.17 ms, found 3 plugins.
Preloading 0 native plugins for Editor in 0.00 ms.
Unloading 3400 Unused Serialized files (Serialized files now loaded: 0)
Unloading 20 unused Assets / (78.3 KB). Loaded Objects now: 3902.
Memory consumption went from 122.5 MB to 122.4 MB.
Total: 2.597800 ms (FindLiveObjects: 0.248000 ms CreateObjectMapping: 0.141100 ms MarkObjects: 2.138200 ms  DeleteObjects: 0.069600 ms)

AssetImportParameters requested are different than current active one (requested -> active):
  custom:video-decoder-ogg-theora: a1e56fd34408186e4bbccfd4996cb3dc -> 
  custom:container-muxer-webm: aa71ff27fc2769a1b78a27578f13a17b -> 
  custom:container-demuxer-webm: 4f35f7cbe854078d1ac9338744f61a02 -> 
  custom:video-encoder-webm-vp8: eb34c28f22e8b96e1ab97ce403110664 -> 
  custom:audio-encoder-webm-vorbis: bf7c407c2cedff20999df2af8eb42d56 -> 
  custom:framework-win-MediaFoundation: 216162199b28c13a410421893ffa2e32 -> 
  custom:container-demuxer-ogg: 62fdf1f143b41e24485cea50d1cbac27 -> 
  custom:video-decoder-webm-vp8: 9c59270c3fd7afecdb556c50c9e8de78 -> 
  custom:audio-decoder-ogg-vorbis: bf7c407c2cedff20999df2af8eb42d56 -> 
Editor requested this worker to shutdown with reason: Scaling down because of idle timeout
AssetImportWorker is now disconnected from the server
Process exiting
Exiting without the bug reporter. Application will terminate with return code 0