Using pre-set license
Built from '2021.3/staging' branch; Version is '2021.3.4f1 (cb45f9cae8b7) revision 13321721'; Using compiler version '192829333'; Build Type 'Release'
OS: 'Windows 10  (10.0.19044) 64bit Core' Language: 'fr' Physical Memory: 8034 MB
BatchMode: 1, IsHumanControllingUs: 0, StartBugReporterOnCrash: 0, Is64bit: 1, IsPro: 1

COMMAND LINE ARGUMENTS:
D:\2021.3.4f1\Editor\Unity.exe
-adb2
-batchMode
-noUpm
-name
AssetImportWorker0
-projectPath
D:/unity/3DU1
-logFile
Logs/AssetImportWorker0.log
-srvPort
61011
Successfully changed project path to: D:/unity/3DU1
D:/unity/3DU1
[UnityMemory] Configuration Parameters - Can be set up in boot.config
    "memorysetup-bucket-allocator-granularity=16"
    "memorysetup-bucket-allocator-bucket-count=8"
    "memorysetup-bucket-allocator-block-size=33554432"
    "memorysetup-bucket-allocator-block-count=8"
    "memorysetup-main-allocator-block-size=16777216"
    "memorysetup-thread-allocator-block-size=16777216"
    "memorysetup-gfx-main-allocator-block-size=16777216"
    "memorysetup-gfx-thread-allocator-block-size=16777216"
    "memorysetup-cache-allocator-block-size=4194304"
    "memorysetup-typetree-allocator-block-size=2097152"
    "memorysetup-profiler-bucket-allocator-granularity=16"
    "memorysetup-profiler-bucket-allocator-bucket-count=8"
    "memorysetup-profiler-bucket-allocator-block-size=33554432"
    "memorysetup-profiler-bucket-allocator-block-count=8"
    "memorysetup-profiler-allocator-block-size=16777216"
    "memorysetup-profiler-editor-allocator-block-size=1048576"
    "memorysetup-temp-allocator-size-main=16777216"
    "memorysetup-job-temp-allocator-block-size=2097152"
    "memorysetup-job-temp-allocator-block-size-background=1048576"
    "memorysetup-job-temp-allocator-reduction-small-platforms=262144"
    "memorysetup-temp-allocator-size-background-worker=32768"
    "memorysetup-temp-allocator-size-job-worker=262144"
    "memorysetup-temp-allocator-size-preload-manager=33554432"
    "memorysetup-temp-allocator-size-nav-mesh-worker=65536"
    "memorysetup-temp-allocator-size-audio-worker=65536"
    "memorysetup-temp-allocator-size-cloud-worker=32768"
    "memorysetup-temp-allocator-size-gi-baking-worker=262144"
    "memorysetup-temp-allocator-size-gfx=262144"
Refreshing native plugins compatible for Editor in 91.88 ms, found 3 plugins.
Preloading 0 native plugins for Editor in 0.00 ms.
Initialize engine version: 2021.3.4f1 (cb45f9cae8b7)
[Subsystems] Discovering subsystems at path D:/2021.3.4f1/Editor/Data/Resources/UnitySubsystems
[Subsystems] Discovering subsystems at path D:/unity/3DU1/Assets
GfxDevice: creating device client; threaded=0; jobified=0
Direct3D:
    Version:  Direct3D 11.0 [level 11.1]
    Renderer: NVIDIA GeForce GTX 1050 (ID=0x1c8d)
    Vendor:   NVIDIA
    VRAM:     4019 MB
    Driver:   30.0.15.1215
Initialize mono
Mono path[0] = 'D:/2021.3.4f1/Editor/Data/Managed'
Mono path[1] = 'D:/2021.3.4f1/Editor/Data/MonoBleedingEdge/lib/mono/unityjit-win32'
Mono config path = 'D:/2021.3.4f1/Editor/Data/MonoBleedingEdge/etc'
Using monoOptions --debugger-agent=transport=dt_socket,embedding=1,server=y,suspend=n,address=127.0.0.1:56360
Begin MonoManager ReloadAssembly
Registering precompiled unity dll's ...
Register platform support module: D:/2021.3.4f1/Editor/Data/PlaybackEngines/WindowsStandaloneSupport/UnityEditor.WindowsStandalone.Extensions.dll
Registered in 0.002524 seconds.
Native extension for WindowsStandalone target not found
Refreshing native plugins compatible for Editor in 96.73 ms, found 3 plugins.
Preloading 0 native plugins for Editor in 0.00 ms.
Mono: successfully reloaded assembly
- Completed reload, in  0.698 seconds
Domain Reload Profiling:
	ReloadAssembly (698ms)
		BeginReloadAssembly (115ms)
			ExecutionOrderSort (0ms)
			DisableScriptedObjects (0ms)
			BackupInstance (0ms)
			ReleaseScriptingObjects (0ms)
			CreateAndSetChildDomain (1ms)
		EndReloadAssembly (483ms)
			LoadAssemblies (114ms)
			RebuildTransferFunctionScriptingTraits (0ms)
			SetupTypeCache (104ms)
			ReleaseScriptCaches (0ms)
			RebuildScriptCaches (29ms)
			SetupLoadedEditorAssemblies (303ms)
				LogAssemblyErrors (0ms)
				InitializePlatformSupportModulesInManaged (7ms)
				SetLoadedEditorAssemblies (0ms)
				RefreshPlugins (97ms)
				BeforeProcessingInitializeOnLoad (1ms)
				ProcessInitializeOnLoadAttributes (148ms)
				ProcessInitializeOnLoadMethodAttributes (50ms)
				AfterProcessingInitializeOnLoad (0ms)
				EditorAssembliesLoaded (0ms)
			ExecutionOrderSort2 (0ms)
			AwakeInstancesAfterBackupRestoration (0ms)
Platform modules already initialized, skipping
Registering precompiled user dll's ...
Registered in 0.006279 seconds.
Begin MonoManager ReloadAssembly
Symbol file LoadedFromMemory doesn't match image D:\unity\3DU1\Library\PackageCache\com.unity.visualscripting@1.7.8\Editor\VisualScripting.Core\Dependencies\YamlDotNet\Unity.VisualScripting.YamlDotNet.dll
Symbol file LoadedFromMemory doesn't match image D:\unity\3DU1\Library\PackageCache\com.unity.visualscripting@1.7.8\Editor\VisualScripting.Core\Dependencies\DotNetZip\Unity.VisualScripting.IonicZip.dll
Native extension for WindowsStandalone target not found
Refreshing native plugins compatible for Editor in 0.54 ms, found 3 plugins.
Preloading 0 native plugins for Editor in 0.00 ms.
Mono: successfully reloaded assembly
- Completed reload, in  1.006 seconds
Domain Reload Profiling:
	ReloadAssembly (1007ms)
		BeginReloadAssembly (134ms)
			ExecutionOrderSort (0ms)
			DisableScriptedObjects (6ms)
			BackupInstance (0ms)
			ReleaseScriptingObjects (0ms)
			CreateAndSetChildDomain (21ms)
		EndReloadAssembly (766ms)
			LoadAssemblies (113ms)
			RebuildTransferFunctionScriptingTraits (0ms)
			SetupTypeCache (235ms)
			ReleaseScriptCaches (1ms)
			RebuildScriptCaches (54ms)
			SetupLoadedEditorAssemblies (347ms)
				LogAssemblyErrors (0ms)
				InitializePlatformSupportModulesInManaged (4ms)
				SetLoadedEditorAssemblies (0ms)
				RefreshPlugins (1ms)
				BeforeProcessingInitializeOnLoad (82ms)
				ProcessInitializeOnLoadAttributes (230ms)
				ProcessInitializeOnLoadMethodAttributes (27ms)
				AfterProcessingInitializeOnLoad (3ms)
				EditorAssembliesLoaded (0ms)
			ExecutionOrderSort2 (0ms)
			AwakeInstancesAfterBackupRestoration (9ms)
Platform modules already initialized, skipping
========================================================================
Worker process is ready to serve import requests
Launched and connected shader compiler UnityShaderCompiler.exe after 0.08 seconds
Refreshing native plugins compatible for Editor in 1.21 ms, found 3 plugins.
Preloading 0 native plugins for Editor in 0.00 ms.
Unloading 3300 Unused Serialized files (Serialized files now loaded: 0)
Unloading 24 unused Assets / (62.1 KB). Loaded Objects now: 3785.
Memory consumption went from 134.5 MB to 134.4 MB.
Total: 3.956800 ms (FindLiveObjects: 0.353900 ms CreateObjectMapping: 0.311400 ms MarkObjects: 3.094200 ms  DeleteObjects: 0.195700 ms)

AssetImportParameters requested are different than current active one (requested -> active):
  custom:video-decoder-ogg-theora: a1e56fd34408186e4bbccfd4996cb3dc -> 
  custom:container-muxer-webm: aa71ff27fc2769a1b78a27578f13a17b -> 
  custom:container-demuxer-webm: 4f35f7cbe854078d1ac9338744f61a02 -> 
  custom:video-encoder-webm-vp8: eb34c28f22e8b96e1ab97ce403110664 -> 
  custom:audio-encoder-webm-vorbis: bf7c407c2cedff20999df2af8eb42d56 -> 
  custom:framework-win-MediaFoundation: 216162199b28c13a410421893ffa2e32 -> 
  custom:container-demuxer-ogg: 62fdf1f143b41e24485cea50d1cbac27 -> 
  custom:video-decoder-webm-vp8: 9c59270c3fd7afecdb556c50c9e8de78 -> 
  custom:audio-decoder-ogg-vorbis: bf7c407c2cedff20999df2af8eb42d56 -> 
========================================================================
Received Import Request.
  Time since last request: 1501.623524 seconds.
  path: Assets/Materials/dark-blue-sky-sunset-beautiful-clouds-seamless-hdri-panorama-degrees-angle-view-zenith-use-d-dark-blue-sky-184969662.jpg
  artifactKey: Guid(4f59c84fa14f7d94aa4542f72e80b9ef) Importer(815301076,1909f56bfc062723c751e8b465ee728b)
Start importing Assets/Materials/dark-blue-sky-sunset-beautiful-clouds-seamless-hdri-panorama-degrees-angle-view-zenith-use-d-dark-blue-sky-184969662.jpg using Guid(4f59c84fa14f7d94aa4542f72e80b9ef) Importer(815301076,1909f56bfc062723c751e8b465ee728b)  -> (artifact id: '51a7146d46f87486250b2fbbd67ed6bb') in 0.079682 seconds 
========================================================================
Received Import Request.
  Time since last request: 36.363754 seconds.
  path: Assets/Materials/dark-blue-sky-sunset-beautiful-clouds-seamless-hdri-panorama-degrees-angle-view-zenith-use-d-dark-blue-sky-184969662.jpg
  artifactKey: Guid(4f59c84fa14f7d94aa4542f72e80b9ef) Importer(815301076,1909f56bfc062723c751e8b465ee728b)
Start importing Assets/Materials/dark-blue-sky-sunset-beautiful-clouds-seamless-hdri-panorama-degrees-angle-view-zenith-use-d-dark-blue-sky-184969662.jpg using Guid(4f59c84fa14f7d94aa4542f72e80b9ef) Importer(815301076,1909f56bfc062723c751e8b465ee728b)  -> (artifact id: 'a24b401fff617f590ae5d202ac529806') in 0.108474 seconds 
========================================================================
Received Import Request.
  Time since last request: 68.704708 seconds.
  path: Assets/Materials
  artifactKey: Guid(401f607ff8376124087ca2de7727ada0) Importer(815301076,1909f56bfc062723c751e8b465ee728b)
Start importing Assets/Materials using Guid(401f607ff8376124087ca2de7727ada0) Importer(815301076,1909f56bfc062723c751e8b465ee728b)  -> (artifact id: 'e87aeeb8e6a6170a0ea92fe62551982e') in 0.002875 seconds 
========================================================================
Received Import Request.
  Time since last request: 18.034504 seconds.
  path: Assets/Materials/sky.mat
  artifactKey: Guid(b0dce67281ddba041a67fb50f50d1c7f) Importer(815301076,1909f56bfc062723c751e8b465ee728b)
Start importing Assets/Materials/sky.mat using Guid(b0dce67281ddba041a67fb50f50d1c7f) Importer(815301076,1909f56bfc062723c751e8b465ee728b)  -> (artifact id: '0d6f6ee980449f73706b29db8d22e651') in 0.132026 seconds 
========================================================================
Received Import Request.
  Time since last request: 617.973095 seconds.
  path: Assets/Materials/sky2_l.jpg
  artifactKey: Guid(249545e5840aabf47aea413fbefd306c) Importer(815301076,1909f56bfc062723c751e8b465ee728b)
Start importing Assets/Materials/sky2_l.jpg using Guid(249545e5840aabf47aea413fbefd306c) Importer(815301076,1909f56bfc062723c751e8b465ee728b)  -> (artifact id: 'dcd73fe31f0ad758f18909a0ebf1a202') in 0.027619 seconds 
========================================================================
Received Import Request.
  Time since last request: 12.984711 seconds.
  path: Assets/Materials/sky2_l.jpg
  artifactKey: Guid(249545e5840aabf47aea413fbefd306c) Importer(815301076,1909f56bfc062723c751e8b465ee728b)
Start importing Assets/Materials/sky2_l.jpg using Guid(249545e5840aabf47aea413fbefd306c) Importer(815301076,1909f56bfc062723c751e8b465ee728b)  -> (artifact id: '451fa1421851bbd036c512f48c1d671b') in 0.021379 seconds 
========================================================================
Received Import Request.
  Time since last request: 19.853547 seconds.
  path: Assets/Materials/sky2.mat
  artifactKey: Guid(69b8b29423b28bf4084834d62c7794fd) Importer(815301076,1909f56bfc062723c751e8b465ee728b)
Start importing Assets/Materials/sky2.mat using Guid(69b8b29423b28bf4084834d62c7794fd) Importer(815301076,1909f56bfc062723c751e8b465ee728b)  -> (artifact id: '7149c3679a315c57eed67c7ea0227e8b') in 0.029173 seconds 
========================================================================
Received Import Request.
  Time since last request: 60.731082 seconds.
  path: Assets/Materials/sky2_l.jpg
  artifactKey: Guid(249545e5840aabf47aea413fbefd306c) Importer(815301076,1909f56bfc062723c751e8b465ee728b)
Start importing Assets/Materials/sky2_l.jpg using Guid(249545e5840aabf47aea413fbefd306c) Importer(815301076,1909f56bfc062723c751e8b465ee728b)  -> (artifact id: 'ed03a96b2770a5dd55a8aedc3d81bb63') in 0.013815 seconds 
========================================================================
Received Import Request.
  Time since last request: 9.912252 seconds.
  path: Assets/Materials/sky2_l.jpg
  artifactKey: Guid(249545e5840aabf47aea413fbefd306c) Importer(815301076,1909f56bfc062723c751e8b465ee728b)
Start importing Assets/Materials/sky2_l.jpg using Guid(249545e5840aabf47aea413fbefd306c) Importer(815301076,1909f56bfc062723c751e8b465ee728b)  -> (artifact id: '51797fe62fd70c3c4eb17f99b4b0bf9a') in 0.033775 seconds 
========================================================================
Received Import Request.
  Time since last request: 192.831110 seconds.
  path: Assets/Materials/sky2_l.jpg
  artifactKey: Guid(249545e5840aabf47aea413fbefd306c) Importer(815301076,1909f56bfc062723c751e8b465ee728b)
Start importing Assets/Materials/sky2_l.jpg using Guid(249545e5840aabf47aea413fbefd306c) Importer(815301076,1909f56bfc062723c751e8b465ee728b)  -> (artifact id: 'a7b2425fbfd08fdcd2d3093a386736ea') in 0.015149 seconds 
========================================================================
Received Import Request.
  Time since last request: 107.204892 seconds.
  path: Assets/Materials/sky3.png
  artifactKey: Guid(d57b0e8106b3d5f46860b890e1a763e2) Importer(815301076,1909f56bfc062723c751e8b465ee728b)
Start importing Assets/Materials/sky3.png using Guid(d57b0e8106b3d5f46860b890e1a763e2) Importer(815301076,1909f56bfc062723c751e8b465ee728b)  -> (artifact id: '1ba3e4aeef781baba1a034788b095827') in 0.016552 seconds 
========================================================================
Received Import Request.
  Time since last request: 12.884650 seconds.
  path: Assets/Materials/sky3.png
  artifactKey: Guid(d57b0e8106b3d5f46860b890e1a763e2) Importer(815301076,1909f56bfc062723c751e8b465ee728b)
Start importing Assets/Materials/sky3.png using Guid(d57b0e8106b3d5f46860b890e1a763e2) Importer(815301076,1909f56bfc062723c751e8b465ee728b)  -> (artifact id: '6039edd8e4d5d11597352fbfa8563b40') in 0.056623 seconds 
========================================================================
Received Import Request.
  Time since last request: 7.718513 seconds.
  path: Assets/Materials/sky3.png
  artifactKey: Guid(d57b0e8106b3d5f46860b890e1a763e2) Importer(815301076,1909f56bfc062723c751e8b465ee728b)
Start importing Assets/Materials/sky3.png using Guid(d57b0e8106b3d5f46860b890e1a763e2) Importer(815301076,1909f56bfc062723c751e8b465ee728b)  -> (artifact id: 'fbedc5a3c7a32386faa6c54ff7d90ab3') in 0.038280 seconds 
========================================================================
Received Import Request.
  Time since last request: 18.119847 seconds.
  path: Assets/Materials/sky3.png
  artifactKey: Guid(d57b0e8106b3d5f46860b890e1a763e2) Importer(815301076,1909f56bfc062723c751e8b465ee728b)
Start importing Assets/Materials/sky3.png using Guid(d57b0e8106b3d5f46860b890e1a763e2) Importer(815301076,1909f56bfc062723c751e8b465ee728b)  -> (artifact id: 'c1f4f180485213997e4fb0f86490d7f4') in 0.070985 seconds 
========================================================================
Received Import Request.
  Time since last request: 15.184156 seconds.
  path: Assets/Materials/sky_3.mat
  artifactKey: Guid(245b880b1ed8d71459bc4e1de678b3a7) Importer(815301076,1909f56bfc062723c751e8b465ee728b)
Start importing Assets/Materials/sky_3.mat using Guid(245b880b1ed8d71459bc4e1de678b3a7) Importer(815301076,1909f56bfc062723c751e8b465ee728b)  -> (artifact id: 'cd577bb8cef5df54bd2278a5d021cb28') in 0.014739 seconds 
========================================================================
Received Import Request.
  Time since last request: 88.228317 seconds.
  path: Assets/Materials/sky3.png
  artifactKey: Guid(d57b0e8106b3d5f46860b890e1a763e2) Importer(815301076,1909f56bfc062723c751e8b465ee728b)
Start importing Assets/Materials/sky3.png using Guid(d57b0e8106b3d5f46860b890e1a763e2) Importer(815301076,1909f56bfc062723c751e8b465ee728b)  -> (artifact id: '10f965a85302162114a4369793d5fd7b') in 0.041063 seconds 
========================================================================
Received Import Request.
  Time since last request: 19.815583 seconds.
  path: Assets/Materials/sky3.png
  artifactKey: Guid(d57b0e8106b3d5f46860b890e1a763e2) Importer(815301076,1909f56bfc062723c751e8b465ee728b)
Start importing Assets/Materials/sky3.png using Guid(d57b0e8106b3d5f46860b890e1a763e2) Importer(815301076,1909f56bfc062723c751e8b465ee728b)  -> (artifact id: '5e3b335e304d26a2eef27bde548acdf1') in 0.056105 seconds 
========================================================================
Received Import Request.
  Time since last request: 137.089268 seconds.
  path: Assets/Materials/sky3.png
  artifactKey: Guid(d57b0e8106b3d5f46860b890e1a763e2) Importer(815301076,1909f56bfc062723c751e8b465ee728b)
Start importing Assets/Materials/sky3.png using Guid(d57b0e8106b3d5f46860b890e1a763e2) Importer(815301076,1909f56bfc062723c751e8b465ee728b)  -> (artifact id: '334b4da328848d01697f836f9486aafd') in 0.156756 seconds 
========================================================================
Received Import Request.
  Time since last request: 201.758077 seconds.
  path: Assets/Materials/sky3.png
  artifactKey: Guid(d57b0e8106b3d5f46860b890e1a763e2) Importer(815301076,1909f56bfc062723c751e8b465ee728b)
Start importing Assets/Materials/sky3.png using Guid(d57b0e8106b3d5f46860b890e1a763e2) Importer(815301076,1909f56bfc062723c751e8b465ee728b)  -> (artifact id: 'bf640efc9eb21ec58375aa678847e925') in 0.072815 seconds 
========================================================================
Received Import Request.
  Time since last request: 34.368941 seconds.
  path: Assets/Materials/sky3.png
  artifactKey: Guid(d57b0e8106b3d5f46860b890e1a763e2) Importer(815301076,1909f56bfc062723c751e8b465ee728b)
Start importing Assets/Materials/sky3.png using Guid(d57b0e8106b3d5f46860b890e1a763e2) Importer(815301076,1909f56bfc062723c751e8b465ee728b)  -> (artifact id: '035fe90255b737f8205d98323f89e46e') in 0.318200 seconds 
========================================================================
Received Prepare
Registering precompiled user dll's ...
Registered in 0.005715 seconds.
Begin MonoManager ReloadAssembly
Symbol file LoadedFromMemory doesn't match image D:\unity\3DU1\Library\PackageCache\com.unity.visualscripting@1.7.8\Editor\VisualScripting.Core\Dependencies\YamlDotNet\Unity.VisualScripting.YamlDotNet.dll
Symbol file LoadedFromMemory doesn't match image D:\unity\3DU1\Library\PackageCache\com.unity.visualscripting@1.7.8\Editor\VisualScripting.Core\Dependencies\DotNetZip\Unity.VisualScripting.IonicZip.dll
Native extension for WindowsStandalone target not found
Refreshing native plugins compatible for Editor in 1.02 ms, found 3 plugins.
Preloading 0 native plugins for Editor in 0.00 ms.
Mono: successfully reloaded assembly
- Completed reload, in  1.170 seconds
Domain Reload Profiling:
	ReloadAssembly (1170ms)
		BeginReloadAssembly (170ms)
			ExecutionOrderSort (0ms)
			DisableScriptedObjects (4ms)
			BackupInstance (0ms)
			ReleaseScriptingObjects (0ms)
			CreateAndSetChildDomain (42ms)
		EndReloadAssembly (887ms)
			LoadAssemblies (142ms)
			RebuildTransferFunctionScriptingTraits (0ms)
			SetupTypeCache (280ms)
			ReleaseScriptCaches (2ms)
			RebuildScriptCaches (51ms)
			SetupLoadedEditorAssemblies (379ms)
				LogAssemblyErrors (0ms)
				InitializePlatformSupportModulesInManaged (14ms)
				SetLoadedEditorAssemblies (1ms)
				RefreshPlugins (1ms)
				BeforeProcessingInitializeOnLoad (70ms)
				ProcessInitializeOnLoadAttributes (255ms)
				ProcessInitializeOnLoadMethodAttributes (34ms)
				AfterProcessingInitializeOnLoad (3ms)
				EditorAssembliesLoaded (0ms)
			ExecutionOrderSort2 (0ms)
			AwakeInstancesAfterBackupRestoration (19ms)
Platform modules already initialized, skipping
Refreshing native plugins compatible for Editor in 1.93 ms, found 3 plugins.
Preloading 0 native plugins for Editor in 0.00 ms.
Unloading 3283 Unused Serialized files (Serialized files now loaded: 0)
Unloading 18 unused Assets / (55.3 KB). Loaded Objects now: 3850.
Memory consumption went from 138.3 MB to 138.2 MB.
Total: 4.033500 ms (FindLiveObjects: 0.464500 ms CreateObjectMapping: 0.213600 ms MarkObjects: 3.264600 ms  DeleteObjects: 0.089000 ms)

AssetImportParameters requested are different than current active one (requested -> active):
  custom:video-decoder-ogg-theora: a1e56fd34408186e4bbccfd4996cb3dc -> 
  custom:container-muxer-webm: aa71ff27fc2769a1b78a27578f13a17b -> 
  custom:container-demuxer-webm: 4f35f7cbe854078d1ac9338744f61a02 -> 
  custom:video-encoder-webm-vp8: eb34c28f22e8b96e1ab97ce403110664 -> 
  custom:audio-encoder-webm-vorbis: bf7c407c2cedff20999df2af8eb42d56 -> 
  custom:framework-win-MediaFoundation: 216162199b28c13a410421893ffa2e32 -> 
  custom:container-demuxer-ogg: 62fdf1f143b41e24485cea50d1cbac27 -> 
  custom:video-decoder-webm-vp8: 9c59270c3fd7afecdb556c50c9e8de78 -> 
  custom:audio-decoder-ogg-vorbis: bf7c407c2cedff20999df2af8eb42d56 -> 
========================================================================
Received Prepare
Registering precompiled user dll's ...
Registered in 0.005735 seconds.
Begin MonoManager ReloadAssembly
Symbol file LoadedFromMemory doesn't match image D:\unity\3DU1\Library\PackageCache\com.unity.visualscripting@1.7.8\Editor\VisualScripting.Core\Dependencies\YamlDotNet\Unity.VisualScripting.YamlDotNet.dll
Symbol file LoadedFromMemory doesn't match image D:\unity\3DU1\Library\PackageCache\com.unity.visualscripting@1.7.8\Editor\VisualScripting.Core\Dependencies\DotNetZip\Unity.VisualScripting.IonicZip.dll
Native extension for WindowsStandalone target not found
Refreshing native plugins compatible for Editor in 1.25 ms, found 3 plugins.
Preloading 0 native plugins for Editor in 0.00 ms.
Mono: successfully reloaded assembly
- Completed reload, in  1.208 seconds
Domain Reload Profiling:
	ReloadAssembly (1209ms)
		BeginReloadAssembly (153ms)
			ExecutionOrderSort (0ms)
			DisableScriptedObjects (6ms)
			BackupInstance (0ms)
			ReleaseScriptingObjects (0ms)
			CreateAndSetChildDomain (36ms)
		EndReloadAssembly (965ms)
			LoadAssemblies (114ms)
			RebuildTransferFunctionScriptingTraits (0ms)
			SetupTypeCache (257ms)
			ReleaseScriptCaches (3ms)
			RebuildScriptCaches (63ms)
			SetupLoadedEditorAssemblies (464ms)
				LogAssemblyErrors (0ms)
				InitializePlatformSupportModulesInManaged (18ms)
				SetLoadedEditorAssemblies (1ms)
				RefreshPlugins (1ms)
				BeforeProcessingInitializeOnLoad (87ms)
				ProcessInitializeOnLoadAttributes (310ms)
				ProcessInitializeOnLoadMethodAttributes (41ms)
				AfterProcessingInitializeOnLoad (4ms)
				EditorAssembliesLoaded (0ms)
			ExecutionOrderSort2 (0ms)
			AwakeInstancesAfterBackupRestoration (22ms)
Platform modules already initialized, skipping
Refreshing native plugins compatible for Editor in 3.51 ms, found 3 plugins.
Preloading 0 native plugins for Editor in 0.00 ms.
Unloading 3283 Unused Serialized files (Serialized files now loaded: 0)
Unloading 18 unused Assets / (55.4 KB). Loaded Objects now: 3853.
Memory consumption went from 138.3 MB to 138.2 MB.
Total: 5.868900 ms (FindLiveObjects: 0.355900 ms CreateObjectMapping: 0.207700 ms MarkObjects: 5.201300 ms  DeleteObjects: 0.102600 ms)

AssetImportParameters requested are different than current active one (requested -> active):
  custom:video-decoder-ogg-theora: a1e56fd34408186e4bbccfd4996cb3dc -> 
  custom:container-muxer-webm: aa71ff27fc2769a1b78a27578f13a17b -> 
  custom:container-demuxer-webm: 4f35f7cbe854078d1ac9338744f61a02 -> 
  custom:video-encoder-webm-vp8: eb34c28f22e8b96e1ab97ce403110664 -> 
  custom:audio-encoder-webm-vorbis: bf7c407c2cedff20999df2af8eb42d56 -> 
  custom:framework-win-MediaFoundation: 216162199b28c13a410421893ffa2e32 -> 
  custom:container-demuxer-ogg: 62fdf1f143b41e24485cea50d1cbac27 -> 
  custom:video-decoder-webm-vp8: 9c59270c3fd7afecdb556c50c9e8de78 -> 
  custom:audio-decoder-ogg-vorbis: bf7c407c2cedff20999df2af8eb42d56 -> 
========================================================================
Received Import Request.
  Time since last request: 265.184812 seconds.
  path: Assets/PlayerFPS.cs
  artifactKey: Guid(572f3f6cb3d53854a938ed2543d2c579) Importer(815301076,1909f56bfc062723c751e8b465ee728b)
Start importing Assets/PlayerFPS.cs using Guid(572f3f6cb3d53854a938ed2543d2c579) Importer(815301076,1909f56bfc062723c751e8b465ee728b)  -> (artifact id: 'cb085f9a76ecea07856c690166146900') in 0.012091 seconds 
========================================================================
Received Import Request.
  Time since last request: 159.210352 seconds.
  path: Assets/Scenes/menu.unity
  artifactKey: Guid(9fc0d4010bbf28b4594072e72b8655ab) Importer(815301076,1909f56bfc062723c751e8b465ee728b)
Start importing Assets/Scenes/menu.unity using Guid(9fc0d4010bbf28b4594072e72b8655ab) Importer(815301076,1909f56bfc062723c751e8b465ee728b)  -> (artifact id: '0b2703d756ee966e138efd8568e70b23') in 0.003138 seconds 
========================================================================
Received Import Request.
  Time since last request: 25.176328 seconds.
  path: Assets/Materials/sky.mat
  artifactKey: Guid(b0dce67281ddba041a67fb50f50d1c7f) Importer(815301076,1909f56bfc062723c751e8b465ee728b)
Start importing Assets/Materials/sky.mat using Guid(b0dce67281ddba041a67fb50f50d1c7f) Importer(815301076,1909f56bfc062723c751e8b465ee728b)  -> (artifact id: '95b56a60ad6532ddf5951ec22058bc2f') in 0.292558 seconds 
========================================================================
Received Import Request.
  Time since last request: 0.000024 seconds.
  path: Assets/Materials/sky_3.mat
  artifactKey: Guid(245b880b1ed8d71459bc4e1de678b3a7) Importer(815301076,1909f56bfc062723c751e8b465ee728b)
Start importing Assets/Materials/sky_3.mat using Guid(245b880b1ed8d71459bc4e1de678b3a7) Importer(815301076,1909f56bfc062723c751e8b465ee728b)  -> (artifact id: '818a062ec6717f528a148a5952ce0807') in 0.035274 seconds 
========================================================================
Received Import Request.
  Time since last request: 13.806939 seconds.
  path: Assets/Materials/sky3 1.png
  artifactKey: Guid(8f174b7e742ff3145a50e5b8c6226e1a) Importer(815301076,1909f56bfc062723c751e8b465ee728b)
Start importing Assets/Materials/sky3 1.png using Guid(8f174b7e742ff3145a50e5b8c6226e1a) Importer(815301076,1909f56bfc062723c751e8b465ee728b)  -> (artifact id: '443f5d0109f1bce7a77e7a480a6ffc30') in 0.038907 seconds 
========================================================================
Received Import Request.
  Time since last request: 40.490104 seconds.
  path: Assets/textures/sky3 1.png
  artifactKey: Guid(8f174b7e742ff3145a50e5b8c6226e1a) Importer(815301076,1909f56bfc062723c751e8b465ee728b)
Start importing Assets/textures/sky3 1.png using Guid(8f174b7e742ff3145a50e5b8c6226e1a) Importer(815301076,1909f56bfc062723c751e8b465ee728b)  -> (artifact id: 'a00b8017663a8971a3ff06c2f3086e71') in 0.343449 seconds 
========================================================================
Received Prepare
Registering precompiled user dll's ...
Registered in 0.006078 seconds.
Begin MonoManager ReloadAssembly
Symbol file LoadedFromMemory doesn't match image D:\unity\3DU1\Library\PackageCache\com.unity.visualscripting@1.7.8\Editor\VisualScripting.Core\Dependencies\YamlDotNet\Unity.VisualScripting.YamlDotNet.dll
Symbol file LoadedFromMemory doesn't match image D:\unity\3DU1\Library\PackageCache\com.unity.visualscripting@1.7.8\Editor\VisualScripting.Core\Dependencies\DotNetZip\Unity.VisualScripting.IonicZip.dll
Native extension for WindowsStandalone target not found
Refreshing native plugins compatible for Editor in 0.77 ms, found 3 plugins.
Preloading 0 native plugins for Editor in 0.00 ms.
Mono: successfully reloaded assembly
- Completed reload, in  1.136 seconds
Domain Reload Profiling:
	ReloadAssembly (1137ms)
		BeginReloadAssembly (152ms)
			ExecutionOrderSort (0ms)
			DisableScriptedObjects (4ms)
			BackupInstance (0ms)
			ReleaseScriptingObjects (0ms)
			CreateAndSetChildDomain (36ms)
		EndReloadAssembly (896ms)
			LoadAssemblies (116ms)
			RebuildTransferFunctionScriptingTraits (0ms)
			SetupTypeCache (220ms)
			ReleaseScriptCaches (2ms)
			RebuildScriptCaches (45ms)
			SetupLoadedEditorAssemblies (457ms)
				LogAssemblyErrors (0ms)
				InitializePlatformSupportModulesInManaged (16ms)
				SetLoadedEditorAssemblies (1ms)
				RefreshPlugins (1ms)
				BeforeProcessingInitializeOnLoad (80ms)
				ProcessInitializeOnLoadAttributes (313ms)
				ProcessInitializeOnLoadMethodAttributes (41ms)
				AfterProcessingInitializeOnLoad (4ms)
				EditorAssembliesLoaded (0ms)
			ExecutionOrderSort2 (0ms)
			AwakeInstancesAfterBackupRestoration (24ms)
Platform modules already initialized, skipping
Refreshing native plugins compatible for Editor in 2.90 ms, found 3 plugins.
Preloading 0 native plugins for Editor in 0.00 ms.
Unloading 3283 Unused Serialized files (Serialized files now loaded: 0)
Unloading 18 unused Assets / (55.5 KB). Loaded Objects now: 3860.
Memory consumption went from 138.3 MB to 138.3 MB.
Total: 5.976500 ms (FindLiveObjects: 0.394100 ms CreateObjectMapping: 0.295500 ms MarkObjects: 4.977600 ms  DeleteObjects: 0.307000 ms)

AssetImportParameters requested are different than current active one (requested -> active):
  custom:video-decoder-ogg-theora: a1e56fd34408186e4bbccfd4996cb3dc -> 
  custom:container-muxer-webm: aa71ff27fc2769a1b78a27578f13a17b -> 
  custom:container-demuxer-webm: 4f35f7cbe854078d1ac9338744f61a02 -> 
  custom:video-encoder-webm-vp8: eb34c28f22e8b96e1ab97ce403110664 -> 
  custom:audio-encoder-webm-vorbis: bf7c407c2cedff20999df2af8eb42d56 -> 
  custom:framework-win-MediaFoundation: 216162199b28c13a410421893ffa2e32 -> 
  custom:container-demuxer-ogg: 62fdf1f143b41e24485cea50d1cbac27 -> 
  custom:video-decoder-webm-vp8: 9c59270c3fd7afecdb556c50c9e8de78 -> 
  custom:audio-decoder-ogg-vorbis: bf7c407c2cedff20999df2af8eb42d56 -> 
========================================================================
Received Prepare
Registering precompiled user dll's ...
Registered in 0.005670 seconds.
Begin MonoManager ReloadAssembly
Symbol file LoadedFromMemory doesn't match image D:\unity\3DU1\Library\PackageCache\com.unity.visualscripting@1.7.8\Editor\VisualScripting.Core\Dependencies\YamlDotNet\Unity.VisualScripting.YamlDotNet.dll
Symbol file LoadedFromMemory doesn't match image D:\unity\3DU1\Library\PackageCache\com.unity.visualscripting@1.7.8\Editor\VisualScripting.Core\Dependencies\DotNetZip\Unity.VisualScripting.IonicZip.dll
Native extension for WindowsStandalone target not found
Refreshing native plugins compatible for Editor in 0.82 ms, found 3 plugins.
Preloading 0 native plugins for Editor in 0.00 ms.
Mono: successfully reloaded assembly
- Completed reload, in  1.257 seconds
Domain Reload Profiling:
	ReloadAssembly (1258ms)
		BeginReloadAssembly (162ms)
			ExecutionOrderSort (0ms)
			DisableScriptedObjects (6ms)
			BackupInstance (0ms)
			ReleaseScriptingObjects (0ms)
			CreateAndSetChildDomain (40ms)
		EndReloadAssembly (1007ms)
			LoadAssemblies (119ms)
			RebuildTransferFunctionScriptingTraits (0ms)
			SetupTypeCache (269ms)
			ReleaseScriptCaches (3ms)
			RebuildScriptCaches (72ms)
			SetupLoadedEditorAssemblies (477ms)
				LogAssemblyErrors (0ms)
				InitializePlatformSupportModulesInManaged (18ms)
				SetLoadedEditorAssemblies (1ms)
				RefreshPlugins (1ms)
				BeforeProcessingInitializeOnLoad (87ms)
				ProcessInitializeOnLoadAttributes (326ms)
				ProcessInitializeOnLoadMethodAttributes (39ms)
				AfterProcessingInitializeOnLoad (4ms)
				EditorAssembliesLoaded (0ms)
			ExecutionOrderSort2 (0ms)
			AwakeInstancesAfterBackupRestoration (23ms)
Platform modules already initialized, skipping
Refreshing native plugins compatible for Editor in 2.85 ms, found 3 plugins.
Preloading 0 native plugins for Editor in 0.00 ms.
Unloading 3283 Unused Serialized files (Serialized files now loaded: 0)
Unloading 18 unused Assets / (55.5 KB). Loaded Objects now: 3863.
Memory consumption went from 138.4 MB to 138.3 MB.
Total: 5.452200 ms (FindLiveObjects: 0.410400 ms CreateObjectMapping: 0.273500 ms MarkObjects: 4.460400 ms  DeleteObjects: 0.305400 ms)

AssetImportParameters requested are different than current active one (requested -> active):
  custom:video-decoder-ogg-theora: a1e56fd34408186e4bbccfd4996cb3dc -> 
  custom:container-muxer-webm: aa71ff27fc2769a1b78a27578f13a17b -> 
  custom:container-demuxer-webm: 4f35f7cbe854078d1ac9338744f61a02 -> 
  custom:video-encoder-webm-vp8: eb34c28f22e8b96e1ab97ce403110664 -> 
  custom:audio-encoder-webm-vorbis: bf7c407c2cedff20999df2af8eb42d56 -> 
  custom:framework-win-MediaFoundation: 216162199b28c13a410421893ffa2e32 -> 
  custom:container-demuxer-ogg: 62fdf1f143b41e24485cea50d1cbac27 -> 
  custom:video-decoder-webm-vp8: 9c59270c3fd7afecdb556c50c9e8de78 -> 
  custom:audio-decoder-ogg-vorbis: bf7c407c2cedff20999df2af8eb42d56 -> 
========================================================================
Received Prepare
Registering precompiled user dll's ...
Registered in 0.006276 seconds.
Begin MonoManager ReloadAssembly
Symbol file LoadedFromMemory doesn't match image D:\unity\3DU1\Library\PackageCache\com.unity.visualscripting@1.7.8\Editor\VisualScripting.Core\Dependencies\YamlDotNet\Unity.VisualScripting.YamlDotNet.dll
Symbol file LoadedFromMemory doesn't match image D:\unity\3DU1\Library\PackageCache\com.unity.visualscripting@1.7.8\Editor\VisualScripting.Core\Dependencies\DotNetZip\Unity.VisualScripting.IonicZip.dll
Native extension for WindowsStandalone target not found
Refreshing native plugins compatible for Editor in 0.56 ms, found 3 plugins.
Preloading 0 native plugins for Editor in 0.00 ms.
Mono: successfully reloaded assembly
- Completed reload, in  0.951 seconds
Domain Reload Profiling:
	ReloadAssembly (952ms)
		BeginReloadAssembly (167ms)
			ExecutionOrderSort (0ms)
			DisableScriptedObjects (6ms)
			BackupInstance (0ms)
			ReleaseScriptingObjects (0ms)
			CreateAndSetChildDomain (36ms)
		EndReloadAssembly (693ms)
			LoadAssemblies (139ms)
			RebuildTransferFunctionScriptingTraits (0ms)
			SetupTypeCache (217ms)
			ReleaseScriptCaches (1ms)
			RebuildScriptCaches (37ms)
			SetupLoadedEditorAssemblies (306ms)
				LogAssemblyErrors (0ms)
				InitializePlatformSupportModulesInManaged (11ms)
				SetLoadedEditorAssemblies (0ms)
				RefreshPlugins (1ms)
				BeforeProcessingInitializeOnLoad (64ms)
				ProcessInitializeOnLoadAttributes (200ms)
				ProcessInitializeOnLoadMethodAttributes (27ms)
				AfterProcessingInitializeOnLoad (3ms)
				EditorAssembliesLoaded (0ms)
			ExecutionOrderSort2 (0ms)
			AwakeInstancesAfterBackupRestoration (15ms)
Platform modules already initialized, skipping
Refreshing native plugins compatible for Editor in 1.66 ms, found 3 plugins.
Preloading 0 native plugins for Editor in 0.00 ms.
Unloading 3283 Unused Serialized files (Serialized files now loaded: 0)
Unloading 18 unused Assets / (55.4 KB). Loaded Objects now: 3866.
Memory consumption went from 138.4 MB to 138.3 MB.
Total: 3.946400 ms (FindLiveObjects: 0.257700 ms CreateObjectMapping: 0.145800 ms MarkObjects: 3.440500 ms  DeleteObjects: 0.101400 ms)

AssetImportParameters requested are different than current active one (requested -> active):
  custom:video-decoder-ogg-theora: a1e56fd34408186e4bbccfd4996cb3dc -> 
  custom:container-muxer-webm: aa71ff27fc2769a1b78a27578f13a17b -> 
  custom:container-demuxer-webm: 4f35f7cbe854078d1ac9338744f61a02 -> 
  custom:video-encoder-webm-vp8: eb34c28f22e8b96e1ab97ce403110664 -> 
  custom:audio-encoder-webm-vorbis: bf7c407c2cedff20999df2af8eb42d56 -> 
  custom:framework-win-MediaFoundation: 216162199b28c13a410421893ffa2e32 -> 
  custom:container-demuxer-ogg: 62fdf1f143b41e24485cea50d1cbac27 -> 
  custom:video-decoder-webm-vp8: 9c59270c3fd7afecdb556c50c9e8de78 -> 
  custom:audio-decoder-ogg-vorbis: bf7c407c2cedff20999df2af8eb42d56 -> 
========================================================================
Received Prepare
Registering precompiled user dll's ...
Registered in 0.005623 seconds.
Begin MonoManager ReloadAssembly
Symbol file LoadedFromMemory doesn't match image D:\unity\3DU1\Library\PackageCache\com.unity.visualscripting@1.7.8\Editor\VisualScripting.Core\Dependencies\YamlDotNet\Unity.VisualScripting.YamlDotNet.dll
Symbol file LoadedFromMemory doesn't match image D:\unity\3DU1\Library\PackageCache\com.unity.visualscripting@1.7.8\Editor\VisualScripting.Core\Dependencies\DotNetZip\Unity.VisualScripting.IonicZip.dll
Native extension for WindowsStandalone target not found
Refreshing native plugins compatible for Editor in 0.67 ms, found 3 plugins.
Preloading 0 native plugins for Editor in 0.00 ms.
Mono: successfully reloaded assembly
- Completed reload, in  1.361 seconds
Domain Reload Profiling:
	ReloadAssembly (1363ms)
		BeginReloadAssembly (154ms)
			ExecutionOrderSort (0ms)
			DisableScriptedObjects (6ms)
			BackupInstance (0ms)
			ReleaseScriptingObjects (0ms)
			CreateAndSetChildDomain (36ms)
		EndReloadAssembly (1088ms)
			LoadAssemblies (133ms)
			RebuildTransferFunctionScriptingTraits (0ms)
			SetupTypeCache (360ms)
			ReleaseScriptCaches (1ms)
			RebuildScriptCaches (66ms)
			SetupLoadedEditorAssemblies (469ms)
				LogAssemblyErrors (0ms)
				InitializePlatformSupportModulesInManaged (16ms)
				SetLoadedEditorAssemblies (1ms)
				RefreshPlugins (1ms)
				BeforeProcessingInitializeOnLoad (85ms)
				ProcessInitializeOnLoadAttributes (318ms)
				ProcessInitializeOnLoadMethodAttributes (42ms)
				AfterProcessingInitializeOnLoad (5ms)
				EditorAssembliesLoaded (0ms)
			ExecutionOrderSort2 (0ms)
			AwakeInstancesAfterBackupRestoration (23ms)
Platform modules already initialized, skipping
Refreshing native plugins compatible for Editor in 2.83 ms, found 3 plugins.
Preloading 0 native plugins for Editor in 0.00 ms.
Unloading 3283 Unused Serialized files (Serialized files now loaded: 0)
Unloading 18 unused Assets / (55.4 KB). Loaded Objects now: 3869.
Memory consumption went from 138.4 MB to 138.3 MB.
Total: 5.187300 ms (FindLiveObjects: 0.486900 ms CreateObjectMapping: 0.337500 ms MarkObjects: 4.201700 ms  DeleteObjects: 0.159300 ms)

AssetImportParameters requested are different than current active one (requested -> active):
  custom:video-decoder-ogg-theora: a1e56fd34408186e4bbccfd4996cb3dc -> 
  custom:container-muxer-webm: aa71ff27fc2769a1b78a27578f13a17b -> 
  custom:container-demuxer-webm: 4f35f7cbe854078d1ac9338744f61a02 -> 
  custom:video-encoder-webm-vp8: eb34c28f22e8b96e1ab97ce403110664 -> 
  custom:audio-encoder-webm-vorbis: bf7c407c2cedff20999df2af8eb42d56 -> 
  custom:framework-win-MediaFoundation: 216162199b28c13a410421893ffa2e32 -> 
  custom:container-demuxer-ogg: 62fdf1f143b41e24485cea50d1cbac27 -> 
  custom:video-decoder-webm-vp8: 9c59270c3fd7afecdb556c50c9e8de78 -> 
  custom:audio-decoder-ogg-vorbis: bf7c407c2cedff20999df2af8eb42d56 -> 
